/home/deployer/.rbenv/versions/1.9.3-p362/lib/ruby/gems/1.9.1/gems/railties-3.2.12/lib/rails/commands/runner.rb:53:in `eval': undefined method `birthdays' for #<Class:0x00000005689ca0> (NoMethodError)
	from (eval):1:in `<top (required)>'
	from /home/deployer/.rbenv/versions/1.9.3-p362/lib/ruby/gems/1.9.1/gems/railties-3.2.12/lib/rails/commands/runner.rb:53:in `eval'
	from /home/deployer/.rbenv/versions/1.9.3-p362/lib/ruby/gems/1.9.1/gems/railties-3.2.12/lib/rails/commands/runner.rb:53:in `<top (required)>'
	from /home/deployer/.rbenv/versions/1.9.3-p362/lib/ruby/gems/1.9.1/gems/railties-3.2.12/lib/rails/commands.rb:64:in `require'
	from /home/deployer/.rbenv/versions/1.9.3-p362/lib/ruby/gems/1.9.1/gems/railties-3.2.12/lib/rails/commands.rb:64:in `<top (required)>'
	from script/rails:6:in `require'
	from script/rails:6:in `<main>'
/home/deployer/.rbenv/versions/1.9.3-p362/lib/ruby/gems/1.9.1/gems/railties-3.2.12/lib/rails/commands/runner.rb:53:in `eval': undefined method `birthdays' for #<Class:0x000000058478d0> (NoMethodError)
	from (eval):1:in `<top (required)>'
	from /home/deployer/.rbenv/versions/1.9.3-p362/lib/ruby/gems/1.9.1/gems/railties-3.2.12/lib/rails/commands/runner.rb:53:in `eval'
	from /home/deployer/.rbenv/versions/1.9.3-p362/lib/ruby/gems/1.9.1/gems/railties-3.2.12/lib/rails/commands/runner.rb:53:in `<top (required)>'
	from /home/deployer/.rbenv/versions/1.9.3-p362/lib/ruby/gems/1.9.1/gems/railties-3.2.12/lib/rails/commands.rb:64:in `require'
	from /home/deployer/.rbenv/versions/1.9.3-p362/lib/ruby/gems/1.9.1/gems/railties-3.2.12/lib/rails/commands.rb:64:in `<top (required)>'
	from script/rails:6:in `require'
	from script/rails:6:in `<main>'
/home/deployer/.rbenv/versions/1.9.3-p362/lib/ruby/gems/1.9.1/gems/railties-3.2.12/lib/rails/commands/runner.rb:53:in `eval': undefined method `birthdays' for #<Class:0x000000047a2b38> (NoMethodError)
	from (eval):1:in `<top (required)>'
	from /home/deployer/.rbenv/versions/1.9.3-p362/lib/ruby/gems/1.9.1/gems/railties-3.2.12/lib/rails/commands/runner.rb:53:in `eval'
	from /home/deployer/.rbenv/versions/1.9.3-p362/lib/ruby/gems/1.9.1/gems/railties-3.2.12/lib/rails/commands/runner.rb:53:in `<top (required)>'
	from /home/deployer/.rbenv/versions/1.9.3-p362/lib/ruby/gems/1.9.1/gems/railties-3.2.12/lib/rails/commands.rb:64:in `require'
	from /home/deployer/.rbenv/versions/1.9.3-p362/lib/ruby/gems/1.9.1/gems/railties-3.2.12/lib/rails/commands.rb:64:in `<top (required)>'
	from script/rails:6:in `require'
	from script/rails:6:in `<main>'
/home/deployer/.rbenv/versions/1.9.3-p362/lib/ruby/gems/1.9.1/gems/railties-3.2.12/lib/rails/commands/runner.rb:53:in `eval': undefined method `birthdays' for #<Class:0x00000005aa2328> (NoMethodError)
	from (eval):1:in `<top (required)>'
	from /home/deployer/.rbenv/versions/1.9.3-p362/lib/ruby/gems/1.9.1/gems/railties-3.2.12/lib/rails/commands/runner.rb:53:in `eval'
	from /home/deployer/.rbenv/versions/1.9.3-p362/lib/ruby/gems/1.9.1/gems/railties-3.2.12/lib/rails/commands/runner.rb:53:in `<top (required)>'
	from /home/deployer/.rbenv/versions/1.9.3-p362/lib/ruby/gems/1.9.1/gems/railties-3.2.12/lib/rails/commands.rb:64:in `require'
	from /home/deployer/.rbenv/versions/1.9.3-p362/lib/ruby/gems/1.9.1/gems/railties-3.2.12/lib/rails/commands.rb:64:in `<top (required)>'
	from script/rails:6:in `require'
	from script/rails:6:in `<main>'
/home/deployer/.rbenv/versions/1.9.3-p362/lib/ruby/gems/1.9.1/gems/railties-3.2.12/lib/rails/commands/runner.rb:53:in `eval': undefined method `birthdays' for #<Class:0x000000048bcd48> (NoMethodError)
	from (eval):1:in `<top (required)>'
	from /home/deployer/.rbenv/versions/1.9.3-p362/lib/ruby/gems/1.9.1/gems/railties-3.2.12/lib/rails/commands/runner.rb:53:in `eval'
	from /home/deployer/.rbenv/versions/1.9.3-p362/lib/ruby/gems/1.9.1/gems/railties-3.2.12/lib/rails/commands/runner.rb:53:in `<top (required)>'
	from /home/deployer/.rbenv/versions/1.9.3-p362/lib/ruby/gems/1.9.1/gems/railties-3.2.12/lib/rails/commands.rb:64:in `require'
	from /home/deployer/.rbenv/versions/1.9.3-p362/lib/ruby/gems/1.9.1/gems/railties-3.2.12/lib/rails/commands.rb:64:in `<top (required)>'
	from script/rails:6:in `require'
	from script/rails:6:in `<main>'
/home/deployer/.rbenv/versions/1.9.3-p362/lib/ruby/gems/1.9.1/gems/railties-3.2.12/lib/rails/commands/runner.rb:53:in `eval': uninitialized constant UserController (NameError)
	from /home/deployer/.rbenv/versions/1.9.3-p362/lib/ruby/gems/1.9.1/gems/railties-3.2.12/lib/rails/commands/runner.rb:53:in `eval'
	from /home/deployer/.rbenv/versions/1.9.3-p362/lib/ruby/gems/1.9.1/gems/railties-3.2.12/lib/rails/commands/runner.rb:53:in `<top (required)>'
	from /home/deployer/.rbenv/versions/1.9.3-p362/lib/ruby/gems/1.9.1/gems/railties-3.2.12/lib/rails/commands.rb:64:in `require'
	from /home/deployer/.rbenv/versions/1.9.3-p362/lib/ruby/gems/1.9.1/gems/railties-3.2.12/lib/rails/commands.rb:64:in `<top (required)>'
	from script/rails:6:in `require'
	from script/rails:6:in `<main>'
/home/deployer/.rbenv/versions/1.9.3-p362/lib/ruby/gems/1.9.1/gems/railties-3.2.12/lib/rails/commands/runner.rb:53:in `eval': uninitialized constant UserController (NameError)
	from /home/deployer/.rbenv/versions/1.9.3-p362/lib/ruby/gems/1.9.1/gems/railties-3.2.12/lib/rails/commands/runner.rb:53:in `eval'
	from /home/deployer/.rbenv/versions/1.9.3-p362/lib/ruby/gems/1.9.1/gems/railties-3.2.12/lib/rails/commands/runner.rb:53:in `<top (required)>'
	from /home/deployer/.rbenv/versions/1.9.3-p362/lib/ruby/gems/1.9.1/gems/railties-3.2.12/lib/rails/commands.rb:64:in `require'
	from /home/deployer/.rbenv/versions/1.9.3-p362/lib/ruby/gems/1.9.1/gems/railties-3.2.12/lib/rails/commands.rb:64:in `<top (required)>'
	from script/rails:6:in `require'
	from script/rails:6:in `<main>'
